# JRE version: OpenJDK Runtime Environment Temurin-21.0.11+10 (21.0.11+10) (build 21.0.11+10-LTS)
# Java VM: OpenJDK 64-Bit Server VM Temurin-21.0.11+10 (21.0.11+10-LTS, mixed mode, sharing, tiered, compressed oops, compressed class ptrs, parallel gc, windows-amd64)
GC Precious Log:
 CardTable entry size: 512
 CPUs: 4 total, 4 available
 Memory: 8060M
 Large Page Support: Disabled
 NUMA Support: Disabled
 Compressed Oops: Enabled (32-bit)
 Alignments: Space 512K, Generation 512K, Heap 2M
 Heap Min Capacity: 100M
 Heap Initial Capacity: 100M
 Heap Max Capacity: 2G
 Pre-touch: Disabled
 Parallel Workers: 4
Heap:
 PSYoungGen      total 14336K, used 13848K [0x00000000d5580000, 0x00000000d6780000, 0x0000000100000000)
  eden space 11264K, 100% used [0x00000000d5580000,0x00000000d6080000,0x00000000d6080000)
  from space 3072K, 84% used [0x00000000d6080000,0x00000000d6306248,0x00000000d6380000)
  to   space 3584K, 74% used [0x00000000d6400000,0x00000000d6698040,0x00000000d6780000)
 ParOldGen       total 89600K, used 89599K [0x0000000080000000, 0x0000000085780000, 0x00000000d5580000)
  object space 89600K, 99% used [0x0000000080000000,0x000000008577ff18,0x0000000085780000)
 Metaspace       used 74571K, committed 76224K, reserved 1179648K
  class space    used 8413K, committed 9152K, reserved 1048576K
GC Heap History (20 events):
Event: 1174.321 GC heap before
{Heap before GC invocations=77 (full 3):
 PSYoungGen      total 16896K, used 16863K [0x00000000d5580000, 0x00000000d6880000, 0x0000000100000000)
  eden space 16384K, 100% used [0x00000000d5580000,0x00000000d6580000,0x00000000d6580000)
  from space 512K, 93% used [0x00000000d6700000,0x00000000d6777e40,0x00000000d6780000)
  to   space 1024K, 0% used [0x00000000d6780000,0x00000000d6780000,0x00000000d6880000)
 ParOldGen       total 76800K, used 76234K [0x0000000080000000, 0x0000000084b00000, 0x00000000d5580000)
  object space 76800K, 99% used [0x0000000080000000,0x0000000084a728d0,0x0000000084b00000)
 Metaspace       used 71325K, committed 72896K, reserved 1114112K
  class space    used 8230K, committed 8896K, reserved 1048576K
}
Event: 1174.327 GC heap after
{Heap after GC invocations=77 (full 3):
 PSYoungGen      total 17408K, used 592K [0x00000000d5580000, 0x00000000d6880000, 0x0000000100000000)
  eden space 16384K, 0% used [0x00000000d5580000,0x00000000d5580000,0x00000000d6580000)
  from space 1024K, 57% used [0x00000000d6780000,0x00000000d6814058,0x00000000d6880000)
  to   space 1024K, 0% used [0x00000000d6680000,0x00000000d6680000,0x00000000d6780000)
 ParOldGen       total 77824K, used 77300K [0x0000000080000000, 0x0000000084c00000, 0x00000000d5580000)
  object space 77824K, 99% used [0x0000000080000000,0x0000000084b7d078,0x0000000084c00000)
 Metaspace       used 71325K, committed 72896K, reserved 1114112K
  class space    used 8230K, committed 8896K, reserved 1048576K
}
Event: 1176.082 GC heap before
{Heap before GC invocations=78 (full 3):
 PSYoungGen      total 17408K, used 16976K [0x00000000d5580000, 0x00000000d6880000, 0x0000000100000000)
  eden space 16384K, 100% used [0x00000000d5580000,0x00000000d6580000,0x00000000d6580000)
  from space 1024K, 57% used [0x00000000d6780000,0x00000000d6814058,0x00000000d6880000)
  to   space 1024K, 0% used [0x00000000d6680000,0x00000000d6680000,0x00000000d6780000)
 ParOldGen       total 77824K, used 77300K [0x0000000080000000, 0x0000000084c00000, 0x00000000d5580000)
  object space 77824K, 99% used [0x0000000080000000,0x0000000084b7d078,0x0000000084c00000)
 Metaspace       used 72215K, committed 73792K, reserved 1114112K
  class space    used 8319K, committed 9024K, reserved 1048576K
}
Event: 1176.087 GC heap after
{Heap after GC invocations=78 (full 3):
 PSYoungGen      total 17408K, used 1015K [0x00000000d5580000, 0x00000000d6a80000, 0x0000000100000000)
  eden space 16384K, 0% used [0x00000000d5580000,0x00000000d5580000,0x00000000d6580000)
  from space 1024K, 99% used [0x00000000d6680000,0x00000000d677df58,0x00000000d6780000)
  to   space 2560K, 0% used [0x00000000d6800000,0x00000000d6800000,0x00000000d6a80000)
 ParOldGen       total 78848K, used 78391K [0x0000000080000000, 0x0000000084d00000, 0x00000000d5580000)
  object space 78848K, 99% used [0x0000000080000000,0x0000000084c8dc90,0x0000000084d00000)
 Metaspace       used 72215K, committed 73792K, reserved 1114112K
  class space    used 8319K, committed 9024K, reserved 1048576K
}
Event: 1177.947 GC heap before
{Heap before GC invocations=79 (full 3):
 PSYoungGen      total 17408K, used 17399K [0x00000000d5580000, 0x00000000d6a80000, 0x0000000100000000)
  eden space 16384K, 100% used [0x00000000d5580000,0x00000000d6580000,0x00000000d6580000)
  from space 1024K, 99% used [0x00000000d6680000,0x00000000d677df58,0x00000000d6780000)
  to   space 2560K, 0% used [0x00000000d6800000,0x00000000d6800000,0x00000000d6a80000)
 ParOldGen       total 78848K, used 78391K [0x0000000080000000, 0x0000000084d00000, 0x00000000d5580000)
  object space 78848K, 99% used [0x0000000080000000,0x0000000084c8dc90,0x0000000084d00000)
 Metaspace       used 72328K, committed 73920K, reserved 1114112K
  class space    used 8322K, committed 9024K, reserved 1048576K
}
Event: 1177.953 GC heap after
{Heap after GC invocations=79 (full 3):
 PSYoungGen      total 18432K, used 1771K [0x00000000d5580000, 0x00000000d6a00000, 0x0000000100000000)
  eden space 16384K, 0% used [0x00000000d5580000,0x00000000d5580000,0x00000000d6580000)
  from space 2048K, 86% used [0x00000000d6800000,0x00000000d69baf40,0x00000000d6a00000)
  to   space 2048K, 0% used [0x00000000d6600000,0x00000000d6600000,0x00000000d6800000)
 ParOldGen       total 79360K, used 79355K [0x0000000080000000, 0x0000000084d80000, 0x00000000d5580000)
  object space 79360K, 99% used [0x0000000080000000,0x0000000084d7ec88,0x0000000084d80000)
 Metaspace       used 72328K, committed 73920K, reserved 1114112K
  class space    used 8322K, committed 9024K, reserved 1048576K
}
Event: 1180.412 GC heap before
{Heap before GC invocations=80 (full 3):
 PSYoungGen      total 18432K, used 18155K [0x00000000d5580000, 0x00000000d6a00000, 0x0000000100000000)
  eden space 16384K, 100% used [0x00000000d5580000,0x00000000d6580000,0x00000000d6580000)
  from space 2048K, 86% used [0x00000000d6800000,0x00000000d69baf40,0x00000000d6a00000)
  to   space 2048K, 0% used [0x00000000d6600000,0x00000000d6600000,0x00000000d6800000)
 ParOldGen       total 79360K, used 79355K [0x0000000080000000, 0x0000000084d80000, 0x00000000d5580000)
  object space 79360K, 99% used [0x0000000080000000,0x0000000084d7ec88,0x0000000084d80000)
 Metaspace       used 73073K, committed 74688K, reserved 1179648K
  class space    used 8360K, committed 9088K, reserved 1048576K
}
Event: 1180.419 GC heap after
{Heap after GC invocations=80 (full 3):
 PSYoungGen      total 17920K, used 1151K [0x00000000d5580000, 0x00000000d6880000, 0x0000000100000000)
  eden space 16384K, 0% used [0x00000000d5580000,0x00000000d5580000,0x00000000d6580000)
  from space 1536K, 74% used [0x00000000d6600000,0x00000000d671ff98,0x00000000d6780000)
  to   space 1024K, 0% used [0x00000000d6780000,0x00000000d6780000,0x00000000d6880000)
 ParOldGen       total 80896K, used 80497K [0x0000000080000000, 0x0000000084f00000, 0x00000000d5580000)
  object space 80896K, 99% used [0x0000000080000000,0x0000000084e9c568,0x0000000084f00000)
 Metaspace       used 73073K, committed 74688K, reserved 1179648K
  class space    used 8360K, committed 9088K, reserved 1048576K
}
Event: 1182.526 GC heap before
{Heap before GC invocations=81 (full 3):
 PSYoungGen      total 17920K, used 17535K [0x00000000d5580000, 0x00000000d6880000, 0x0000000100000000)
  eden space 16384K, 100% used [0x00000000d5580000,0x00000000d6580000,0x00000000d6580000)
  from space 1536K, 74% used [0x00000000d6600000,0x00000000d671ff98,0x00000000d6780000)
  to   space 1024K, 0% used [0x00000000d6780000,0x00000000d6780000,0x00000000d6880000)
 ParOldGen       total 80896K, used 80497K [0x0000000080000000, 0x0000000084f00000, 0x00000000d5580000)
  object space 80896K, 99% used [0x0000000080000000,0x0000000084e9c568,0x0000000084f00000)
 Metaspace       used 73358K, committed 74944K, reserved 1179648K
  class space    used 8381K, committed 9088K, reserved 1048576K
}
Event: 1182.530 GC heap after
{Heap after GC invocations=81 (full 3):
 PSYoungGen      total 17408K, used 591K [0x00000000d5580000, 0x00000000d6880000, 0x0000000100000000)
  eden space 16384K, 0% used [0x00000000d5580000,0x00000000d5580000,0x00000000d6580000)
  from space 1024K, 57% used [0x00000000d6780000,0x00000000d6813e38,0x00000000d6880000)
  to   space 1024K, 0% used [0x00000000d6680000,0x00000000d6680000,0x00000000d6780000)
 ParOldGen       total 81408K, used 81089K [0x0000000080000000, 0x0000000084f80000, 0x00000000d5580000)
  object space 81408K, 99% used [0x0000000080000000,0x0000000084f305f8,0x0000000084f80000)
 Metaspace       used 73358K, committed 74944K, reserved 1179648K
  class space    used 8381K, committed 9088K, reserved 1048576K
}
Event: 1183.906 GC heap before
{Heap before GC invocations=82 (full 3):
 PSYoungGen      total 17408K, used 16975K [0x00000000d5580000, 0x00000000d6880000, 0x0000000100000000)
  eden space 16384K, 100% used [0x00000000d5580000,0x00000000d6580000,0x00000000d6580000)
  from space 1024K, 57% used [0x00000000d6780000,0x00000000d6813e38,0x00000000d6880000)
  to   space 1024K, 0% used [0x00000000d6680000,0x00000000d6680000,0x00000000d6780000)
 ParOldGen       total 81408K, used 81089K [0x0000000080000000, 0x0000000084f80000, 0x00000000d5580000)
  object space 81408K, 99% used [0x0000000080000000,0x0000000084f305f8,0x0000000084f80000)
 Metaspace       used 73575K, committed 75136K, reserved 1179648K
  class space    used 8382K, committed 9088K, reserved 1048576K
}
Event: 1183.910 GC heap after
{Heap after GC invocations=82 (full 3):
 PSYoungGen      total 17408K, used 1008K [0x00000000d5580000, 0x00000000d6980000, 0x0000000100000000)
  eden space 16384K, 0% used [0x00000000d5580000,0x00000000d5580000,0x00000000d6580000)
  from space 1024K, 98% used [0x00000000d6680000,0x00000000d677c008,0x00000000d6780000)
  to   space 2048K, 0% used [0x00000000d6780000,0x00000000d6780000,0x00000000d6980000)
 ParOldGen       total 81920K, used 81608K [0x0000000080000000, 0x0000000085000000, 0x00000000d5580000)
  object space 81920K, 99% used [0x0000000080000000,0x0000000084fb20a0,0x0000000085000000)
 Metaspace       used 73575K, committed 75136K, reserved 1179648K
  class space    used 8382K, committed 9088K, reserved 1048576K
}
Event: 1185.361 GC heap before
{Heap before GC invocations=83 (full 3):
 PSYoungGen      total 17408K, used 17392K [0x00000000d5580000, 0x00000000d6980000, 0x0000000100000000)
  eden space 16384K, 100% used [0x00000000d5580000,0x00000000d6580000,0x00000000d6580000)
  from space 1024K, 98% used [0x00000000d6680000,0x00000000d677c008,0x00000000d6780000)
  to   space 2048K, 0% used [0x00000000d6780000,0x00000000d6780000,0x00000000d6980000)
 ParOldGen       total 81920K, used 81608K [0x0000000080000000, 0x0000000085000000, 0x00000000d5580000)
  object space 81920K, 99% used [0x0000000080000000,0x0000000084fb20a0,0x0000000085000000)
 Metaspace       used 73705K, committed 75328K, reserved 1179648K
  class space    used 8384K, committed 9088K, reserved 1048576K
}
Event: 1185.365 GC heap after
{Heap after GC invocations=83 (full 3):
 PSYoungGen      total 16896K, used 2040K [0x00000000d5580000, 0x00000000d6c80000, 0x0000000100000000)
  eden space 14848K, 0% used [0x00000000d5580000,0x00000000d5580000,0x00000000d6400000)
  from space 2048K, 99% used [0x00000000d6780000,0x00000000d697e1b8,0x00000000d6980000)
  to   space 3584K, 0% used [0x00000000d6400000,0x00000000d6400000,0x00000000d6780000)
 ParOldGen       total 82944K, used 82524K [0x0000000080000000, 0x0000000085100000, 0x00000000d5580000)
  object space 82944K, 99% used [0x0000000080000000,0x00000000850973f8,0x0000000085100000)
 Metaspace       used 73705K, committed 75328K, reserved 1179648K
  class space    used 8384K, committed 9088K, reserved 1048576K
}
Event: 1187.014 GC heap before
{Heap before GC invocations=84 (full 3):
 PSYoungGen      total 16896K, used 16888K [0x00000000d5580000, 0x00000000d6c80000, 0x0000000100000000)
  eden space 14848K, 100% used [0x00000000d5580000,0x00000000d6400000,0x00000000d6400000)
  from space 2048K, 99% used [0x00000000d6780000,0x00000000d697e1b8,0x00000000d6980000)
  to   space 3584K, 0% used [0x00000000d6400000,0x00000000d6400000,0x00000000d6780000)
 ParOldGen       total 82944K, used 82524K [0x0000000080000000, 0x0000000085100000, 0x00000000d5580000)
  object space 82944K, 99% used [0x0000000080000000,0x00000000850973f8,0x0000000085100000)
 Metaspace       used 73897K, committed 75520K, reserved 1179648K
  class space    used 8386K, committed 9088K, reserved 1048576K
}
Event: 1187.032 GC heap after
{Heap after GC invocations=84 (full 3):
 PSYoungGen      total 16384K, used 1056K [0x00000000d5580000, 0x00000000d6800000, 0x0000000100000000)
  eden space 14848K, 0% used [0x00000000d5580000,0x00000000d5580000,0x00000000d6400000)
  from space 1536K, 68% used [0x00000000d6400000,0x00000000d6508000,0x00000000d6580000)
  to   space 2048K, 0% used [0x00000000d6600000,0x00000000d6600000,0x00000000d6800000)
 ParOldGen       total 84480K, used 84229K [0x0000000080000000, 0x0000000085280000, 0x00000000d5580000)
  object space 84480K, 99% used [0x0000000080000000,0x0000000085241478,0x0000000085280000)
 Metaspace       used 73897K, committed 75520K, reserved 1179648K
  class space    used 8386K, committed 9088K, reserved 1048576K
}
Event: 1191.999 GC heap before
{Heap before GC invocations=85 (full 3):
 PSYoungGen      total 16384K, used 15904K [0x00000000d5580000, 0x00000000d6800000, 0x0000000100000000)
  eden space 14848K, 100% used [0x00000000d5580000,0x00000000d6400000,0x00000000d6400000)
  from space 1536K, 68% used [0x00000000d6400000,0x00000000d6508000,0x00000000d6580000)
  to   space 2048K, 0% used [0x00000000d6600000,0x00000000d6600000,0x00000000d6800000)
 ParOldGen       total 84480K, used 84229K [0x0000000080000000, 0x0000000085280000, 0x00000000d5580000)
  object space 84480K, 99% used [0x0000000080000000,0x0000000085241478,0x0000000085280000)
 Metaspace       used 74039K, committed 75648K, reserved 1179648K
  class space    used 8388K, committed 9088K, reserved 1048576K
}
Event: 1192.009 GC heap after
{Heap after GC invocations=85 (full 3):
 PSYoungGen      total 13312K, used 2040K [0x00000000d5580000, 0x00000000d6f00000, 0x0000000100000000)
  eden space 11264K, 0% used [0x00000000d5580000,0x00000000d5580000,0x00000000d6080000)
  from space 2048K, 99% used [0x00000000d6600000,0x00000000d67fe0c8,0x00000000d6800000)
  to   space 5632K, 0% used [0x00000000d6080000,0x00000000d6080000,0x00000000d6600000)
 ParOldGen       total 87552K, used 87122K [0x0000000080000000, 0x0000000085580000, 0x00000000d5580000)
  object space 87552K, 99% used [0x0000000080000000,0x0000000085514b58,0x0000000085580000)
 Metaspace       used 74039K, committed 75648K, reserved 1179648K
  class space    used 8388K, committed 9088K, reserved 1048576K
}
Event: 1193.496 GC heap before
{Heap before GC invocations=86 (full 3):
 PSYoungGen      total 13312K, used 13304K [0x00000000d5580000, 0x00000000d6f00000, 0x0000000100000000)
  eden space 11264K, 100% used [0x00000000d5580000,0x00000000d6080000,0x00000000d6080000)
  from space 2048K, 99% used [0x00000000d6600000,0x00000000d67fe0c8,0x00000000d6800000)
  to   space 5632K, 0% used [0x00000000d6080000,0x00000000d6080000,0x00000000d6600000)
 ParOldGen       total 87552K, used 87122K [0x0000000080000000, 0x0000000085580000, 0x00000000d5580000)
  object space 87552K, 99% used [0x0000000080000000,0x0000000085514b58,0x0000000085580000)
 Metaspace       used 74241K, committed 75904K, reserved 1179648K
  class space    used 8396K, committed 9152K, reserved 1048576K
}
Event: 1193.505 GC heap after
{Heap after GC invocations=86 (full 3):
 PSYoungGen      total 14336K, used 2584K [0x00000000d5580000, 0x00000000d6780000, 0x0000000100000000)
  eden space 11264K, 0% used [0x00000000d5580000,0x00000000d5580000,0x00000000d6080000)
  from space 3072K, 84% used [0x00000000d6080000,0x00000000d6306248,0x00000000d6380000)
  to   space 3584K, 0% used [0x00000000d6400000,0x00000000d6400000,0x00000000d6780000)
 ParOldGen       total 89600K, used 89130K [0x0000000080000000, 0x0000000085780000, 0x00000000d5580000)
  object space 89600K, 99% used [0x0000000080000000,0x000000008570ab30,0x0000000085780000)
 Metaspace       used 74241K, committed 75904K, reserved 1179648K
  class space    used 8396K, committed 9152K, reserved 1048576K
}

