# JRE version: OpenJDK Runtime Environment Temurin-21.0.11+10 (21.0.11+10) (build 21.0.11+10-LTS)
# Java VM: OpenJDK 64-Bit Server VM Temurin-21.0.11+10 (21.0.11+10-LTS, mixed mode, sharing, tiered, compressed oops, compressed class ptrs, g1 gc, windows-amd64)
GC Precious Log:
 CardTable entry size: 512
 Card Set container configuration: InlinePtr #cards 5 size 8 Array Of Cards #cards 12 size 40 Howl #buckets 4 coarsen threshold 1843 Howl Bitmap #cards 512 size 80 coarsen threshold 460 Card regions per heap region 1 cards per card region 2048
 CPUs: 4 total, 4 available
 Memory: 8060M
 Large Page Support: Disabled
 NUMA Support: Disabled
 Compressed Oops: Enabled (32-bit)
 Heap Region Size: 1M
 Heap Min Capacity: 8M
 Heap Initial Capacity: 126M
 Heap Max Capacity: 1536M
 Pre-touch: Disabled
 Parallel Workers: 4
 Concurrent Workers: 1
 Concurrent Refinement Workers: 4
 Periodic GC: Disabled
Heap:
 garbage-first heap   total 186368K, used 135579K [0x00000000a0000000, 0x0000000100000000)
  region size 1024K, 28 young (28672K), 7 survivors (7168K)
 Metaspace       used 97952K, committed 100224K, reserved 1179648K
  class space    used 13322K, committed 14400K, reserved 1048576K
GC Heap History (20 events):
Event: 106.985 GC heap before
{Heap before GC invocations=34 (full 0):
 garbage-first heap   total 133120K, used 121599K [0x00000000a0000000, 0x0000000100000000)
  region size 1024K, 44 young (45056K), 3 survivors (3072K)
 Metaspace       used 77821K, committed 79936K, reserved 1179648K
  class space    used 10927K, committed 11968K, reserved 1048576K
}
Event: 107.002 GC heap after
{Heap after GC invocations=35 (full 0):
 garbage-first heap   total 133120K, used 81287K [0x00000000a0000000, 0x0000000100000000)
  region size 1024K, 5 young (5120K), 5 survivors (5120K)
 Metaspace       used 77821K, committed 79936K, reserved 1179648K
  class space    used 10927K, committed 11968K, reserved 1048576K
}
Event: 111.522 GC heap before
{Heap before GC invocations=35 (full 0):
 garbage-first heap   total 133120K, used 122247K [0x00000000a0000000, 0x0000000100000000)
  region size 1024K, 46 young (47104K), 5 survivors (5120K)
 Metaspace       used 78565K, committed 80704K, reserved 1179648K
  class space    used 11015K, committed 12032K, reserved 1048576K
}
Event: 111.540 GC heap after
{Heap after GC invocations=36 (full 0):
 garbage-first heap   total 133120K, used 84590K [0x00000000a0000000, 0x0000000100000000)
  region size 1024K, 6 young (6144K), 6 survivors (6144K)
 Metaspace       used 78565K, committed 80704K, reserved 1179648K
  class space    used 11015K, committed 12032K, reserved 1048576K
}
Event: 114.974 GC heap before
{Heap before GC invocations=37 (full 0):
 garbage-first heap   total 142336K, used 123502K [0x00000000a0000000, 0x0000000100000000)
  region size 1024K, 44 young (45056K), 6 survivors (6144K)
 Metaspace       used 79192K, committed 81344K, reserved 1179648K
  class space    used 11125K, committed 12160K, reserved 1048576K
}
Event: 114.995 GC heap after
{Heap after GC invocations=38 (full 0):
 garbage-first heap   total 142336K, used 86290K [0x00000000a0000000, 0x0000000100000000)
  region size 1024K, 4 young (4096K), 4 survivors (4096K)
 Metaspace       used 79192K, committed 81344K, reserved 1179648K
  class space    used 11125K, committed 12160K, reserved 1048576K
}
Event: 119.271 GC heap before
{Heap before GC invocations=38 (full 0):
 garbage-first heap   total 142336K, used 135442K [0x00000000a0000000, 0x0000000100000000)
  region size 1024K, 48 young (49152K), 4 survivors (4096K)
 Metaspace       used 83734K, committed 86016K, reserved 1179648K
  class space    used 11679K, committed 12800K, reserved 1048576K
}
Event: 119.307 GC heap after
{Heap after GC invocations=39 (full 0):
 garbage-first heap   total 149504K, used 91683K [0x00000000a0000000, 0x0000000100000000)
  region size 1024K, 6 young (6144K), 6 survivors (6144K)
 Metaspace       used 83734K, committed 86016K, reserved 1179648K
  class space    used 11679K, committed 12800K, reserved 1048576K
}
Event: 121.919 GC heap before
{Heap before GC invocations=39 (full 0):
 garbage-first heap   total 149504K, used 134691K [0x00000000a0000000, 0x0000000100000000)
  region size 1024K, 49 young (50176K), 6 survivors (6144K)
 Metaspace       used 88537K, committed 90752K, reserved 1179648K
  class space    used 12182K, committed 13248K, reserved 1048576K
}
Event: 121.938 GC heap after
{Heap after GC invocations=40 (full 0):
 garbage-first heap   total 149504K, used 94208K [0x00000000a0000000, 0x0000000100000000)
  region size 1024K, 2 young (2048K), 2 survivors (2048K)
 Metaspace       used 88537K, committed 90752K, reserved 1179648K
  class space    used 12182K, committed 13248K, reserved 1048576K
}
Event: 125.423 GC heap before
{Heap before GC invocations=41 (full 0):
 garbage-first heap   total 157696K, used 137216K [0x00000000a0000000, 0x0000000100000000)
  region size 1024K, 45 young (46080K), 2 survivors (2048K)
 Metaspace       used 90288K, committed 92544K, reserved 1179648K
  class space    used 12321K, committed 13440K, reserved 1048576K
}
Event: 125.442 GC heap after
{Heap after GC invocations=42 (full 0):
 garbage-first heap   total 157696K, used 99328K [0x00000000a0000000, 0x0000000100000000)
  region size 1024K, 6 young (6144K), 6 survivors (6144K)
 Metaspace       used 90288K, committed 92544K, reserved 1179648K
  class space    used 12321K, committed 13440K, reserved 1048576K
}
Event: 129.728 GC heap before
{Heap before GC invocations=42 (full 0):
 garbage-first heap   total 157696K, used 144384K [0x00000000a0000000, 0x0000000100000000)
  region size 1024K, 50 young (51200K), 6 survivors (6144K)
 Metaspace       used 90709K, committed 92992K, reserved 1179648K
  class space    used 12336K, committed 13440K, reserved 1048576K
}
Event: 129.764 GC heap after
{Heap after GC invocations=43 (full 0):
 garbage-first heap   total 159744K, used 105036K [0x00000000a0000000, 0x0000000100000000)
  region size 1024K, 7 young (7168K), 7 survivors (7168K)
 Metaspace       used 90709K, committed 92992K, reserved 1179648K
  class space    used 12336K, committed 13440K, reserved 1048576K
}
Event: 131.651 GC heap before
{Heap before GC invocations=43 (full 0):
 garbage-first heap   total 159744K, used 134732K [0x00000000a0000000, 0x0000000100000000)
  region size 1024K, 37 young (37888K), 7 survivors (7168K)
 Metaspace       used 91150K, committed 93376K, reserved 1179648K
  class space    used 12384K, committed 13440K, reserved 1048576K
}
Event: 131.677 GC heap after
{Heap after GC invocations=44 (full 0):
 garbage-first heap   total 159744K, used 110049K [0x00000000a0000000, 0x0000000100000000)
  region size 1024K, 5 young (5120K), 5 survivors (5120K)
 Metaspace       used 91150K, committed 93376K, reserved 1179648K
  class space    used 12384K, committed 13440K, reserved 1048576K
}
Event: 135.448 GC heap before
{Heap before GC invocations=45 (full 0):
 garbage-first heap   total 186368K, used 146913K [0x00000000a0000000, 0x0000000100000000)
  region size 1024K, 40 young (40960K), 5 survivors (5120K)
 Metaspace       used 93074K, committed 95360K, reserved 1179648K
  class space    used 12658K, committed 13760K, reserved 1048576K
}
Event: 135.500 GC heap after
{Heap after GC invocations=46 (full 0):
 garbage-first heap   total 186368K, used 113346K [0x00000000a0000000, 0x0000000100000000)
  region size 1024K, 3 young (3072K), 3 survivors (3072K)
 Metaspace       used 93074K, committed 95360K, reserved 1179648K
  class space    used 12658K, committed 13760K, reserved 1048576K
}
Event: 137.702 GC heap before
{Heap before GC invocations=46 (full 0):
 garbage-first heap   total 186368K, used 168642K [0x00000000a0000000, 0x0000000100000000)
  region size 1024K, 57 young (58368K), 3 survivors (3072K)
 Metaspace       used 95969K, committed 98176K, reserved 1179648K
  class space    used 13062K, committed 14144K, reserved 1048576K
}
Event: 137.726 GC heap after
{Heap after GC invocations=47 (full 0):
 garbage-first heap   total 186368K, used 115099K [0x00000000a0000000, 0x0000000100000000)
  region size 1024K, 7 young (7168K), 7 survivors (7168K)
 Metaspace       used 95969K, committed 98176K, reserved 1179648K
  class space    used 13062K, committed 14144K, reserved 1048576K
}

