# JRE version: OpenJDK Runtime Environment Temurin-21.0.11+10 (21.0.11+10) (build 21.0.11+10-LTS)
# Java VM: OpenJDK 64-Bit Server VM Temurin-21.0.11+10 (21.0.11+10-LTS, mixed mode, sharing, tiered, compressed oops, compressed class ptrs, parallel gc, windows-amd64)
GC Precious Log:
 CardTable entry size: 512
 CPUs: 4 total, 4 available
 Memory: 8060M
 Large Page Support: Disabled
 NUMA Support: Disabled
 Compressed Oops: Enabled (32-bit)
 Alignments: Space 512K, Generation 512K, Heap 2M
 Heap Min Capacity: 100M
 Heap Initial Capacity: 100M
 Heap Max Capacity: 2G
 Pre-touch: Disabled
 Parallel Workers: 4
Heap:
 PSYoungGen      total 23040K, used 724K [0x00000000d5580000, 0x00000000d7000000, 0x0000000100000000)
  eden space 22016K, 0% used [0x00000000d5580000,0x00000000d559d338,0x00000000d6b00000)
  from space 1024K, 59% used [0x00000000d6f00000,0x00000000d6f98010,0x00000000d7000000)
  to   space 1536K, 0% used [0x00000000d6d00000,0x00000000d6d00000,0x00000000d6e80000)
 ParOldGen       total 68608K, used 55943K [0x0000000080000000, 0x0000000084300000, 0x00000000d5580000)
  object space 68608K, 81% used [0x0000000080000000,0x00000000836a1d40,0x0000000084300000)
 Metaspace       used 66098K, committed 67648K, reserved 1114112K
  class space    used 7878K, committed 8576K, reserved 1048576K
GC Heap History (20 events):
Event: 104.361 GC heap before
{Heap before GC invocations=34 (full 3):
 PSYoungGen      total 23040K, used 22592K [0x00000000d5580000, 0x00000000d7500000, 0x0000000100000000)
  eden space 22016K, 100% used [0x00000000d5580000,0x00000000d6b00000,0x00000000d6b00000)
  from space 1024K, 56% used [0x00000000d7400000,0x00000000d7490000,0x00000000d7500000)
  to   space 1024K, 0% used [0x00000000d7300000,0x00000000d7300000,0x00000000d7400000)
 ParOldGen       total 68608K, used 41776K [0x0000000080000000, 0x0000000084300000, 0x00000000d5580000)
  object space 68608K, 60% used [0x0000000080000000,0x00000000828cc388,0x0000000084300000)
 Metaspace       used 60259K, committed 61504K, reserved 1114112K
  class space    used 7147K, committed 7680K, reserved 1048576K
}
Event: 104.365 GC heap after
{Heap after GC invocations=34 (full 3):
 PSYoungGen      total 23040K, used 128K [0x00000000d5580000, 0x00000000d7480000, 0x0000000100000000)
  eden space 22016K, 0% used [0x00000000d5580000,0x00000000d5580000,0x00000000d6b00000)
  from space 1024K, 12% used [0x00000000d7300000,0x00000000d7320000,0x00000000d7400000)
  to   space 512K, 0% used [0x00000000d7400000,0x00000000d7400000,0x00000000d7480000)
 ParOldGen       total 68608K, used 42296K [0x0000000080000000, 0x0000000084300000, 0x00000000d5580000)
  object space 68608K, 61% used [0x0000000080000000,0x000000008294e098,0x0000000084300000)
 Metaspace       used 60259K, committed 61504K, reserved 1114112K
  class space    used 7147K, committed 7680K, reserved 1048576K
}
Event: 105.866 GC heap before
{Heap before GC invocations=35 (full 3):
 PSYoungGen      total 23040K, used 22144K [0x00000000d5580000, 0x00000000d7480000, 0x0000000100000000)
  eden space 22016K, 100% used [0x00000000d5580000,0x00000000d6b00000,0x00000000d6b00000)
  from space 1024K, 12% used [0x00000000d7300000,0x00000000d7320000,0x00000000d7400000)
  to   space 512K, 0% used [0x00000000d7400000,0x00000000d7400000,0x00000000d7480000)
 ParOldGen       total 68608K, used 42296K [0x0000000080000000, 0x0000000084300000, 0x00000000d5580000)
  object space 68608K, 61% used [0x0000000080000000,0x000000008294e098,0x0000000084300000)
 Metaspace       used 60261K, committed 61504K, reserved 1114112K
  class space    used 7148K, committed 7680K, reserved 1048576K
}
Event: 105.867 GC heap after
{Heap after GC invocations=35 (full 3):
 PSYoungGen      total 22528K, used 128K [0x00000000d5580000, 0x00000000d7480000, 0x0000000100000000)
  eden space 22016K, 0% used [0x00000000d5580000,0x00000000d5580000,0x00000000d6b00000)
  from space 512K, 25% used [0x00000000d7400000,0x00000000d7420000,0x00000000d7480000)
  to   space 512K, 0% used [0x00000000d7380000,0x00000000d7380000,0x00000000d7400000)
 ParOldGen       total 68608K, used 42320K [0x0000000080000000, 0x0000000084300000, 0x00000000d5580000)
  object space 68608K, 61% used [0x0000000080000000,0x0000000082954098,0x0000000084300000)
 Metaspace       used 60261K, committed 61504K, reserved 1114112K
  class space    used 7148K, committed 7680K, reserved 1048576K
}
Event: 107.226 GC heap before
{Heap before GC invocations=36 (full 3):
 PSYoungGen      total 22528K, used 22144K [0x00000000d5580000, 0x00000000d7480000, 0x0000000100000000)
  eden space 22016K, 100% used [0x00000000d5580000,0x00000000d6b00000,0x00000000d6b00000)
  from space 512K, 25% used [0x00000000d7400000,0x00000000d7420000,0x00000000d7480000)
  to   space 512K, 0% used [0x00000000d7380000,0x00000000d7380000,0x00000000d7400000)
 ParOldGen       total 68608K, used 42320K [0x0000000080000000, 0x0000000084300000, 0x00000000d5580000)
  object space 68608K, 61% used [0x0000000080000000,0x0000000082954098,0x0000000084300000)
 Metaspace       used 61987K, committed 63488K, reserved 1114112K
  class space    used 7337K, committed 8000K, reserved 1048576K
}
Event: 107.230 GC heap after
{Heap after GC invocations=36 (full 3):
 PSYoungGen      total 22528K, used 488K [0x00000000d5580000, 0x00000000d7480000, 0x0000000100000000)
  eden space 22016K, 0% used [0x00000000d5580000,0x00000000d5580000,0x00000000d6b00000)
  from space 512K, 95% used [0x00000000d7380000,0x00000000d73fa1b8,0x00000000d7400000)
  to   space 512K, 0% used [0x00000000d7400000,0x00000000d7400000,0x00000000d7480000)
 ParOldGen       total 68608K, used 42440K [0x0000000080000000, 0x0000000084300000, 0x00000000d5580000)
  object space 68608K, 61% used [0x0000000080000000,0x0000000082972098,0x0000000084300000)
 Metaspace       used 61987K, committed 63488K, reserved 1114112K
  class space    used 7337K, committed 8000K, reserved 1048576K
}
Event: 108.650 GC heap before
{Heap before GC invocations=37 (full 3):
 PSYoungGen      total 22528K, used 22504K [0x00000000d5580000, 0x00000000d7480000, 0x0000000100000000)
  eden space 22016K, 100% used [0x00000000d5580000,0x00000000d6b00000,0x00000000d6b00000)
  from space 512K, 95% used [0x00000000d7380000,0x00000000d73fa1b8,0x00000000d7400000)
  to   space 512K, 0% used [0x00000000d7400000,0x00000000d7400000,0x00000000d7480000)
 ParOldGen       total 68608K, used 42440K [0x0000000080000000, 0x0000000084300000, 0x00000000d5580000)
  object space 68608K, 61% used [0x0000000080000000,0x0000000082972098,0x0000000084300000)
 Metaspace       used 62295K, committed 63744K, reserved 1114112K
  class space    used 7349K, committed 8000K, reserved 1048576K
}
Event: 108.661 GC heap after
{Heap after GC invocations=37 (full 3):
 PSYoungGen      total 22528K, used 480K [0x00000000d5580000, 0x00000000d7480000, 0x0000000100000000)
  eden space 22016K, 0% used [0x00000000d5580000,0x00000000d5580000,0x00000000d6b00000)
  from space 512K, 93% used [0x00000000d7400000,0x00000000d7478030,0x00000000d7480000)
  to   space 3584K, 0% used [0x00000000d6d80000,0x00000000d6d80000,0x00000000d7100000)
 ParOldGen       total 68608K, used 44812K [0x0000000080000000, 0x0000000084300000, 0x00000000d5580000)
  object space 68608K, 65% used [0x0000000080000000,0x0000000082bc32b0,0x0000000084300000)
 Metaspace       used 62295K, committed 63744K, reserved 1114112K
  class space    used 7349K, committed 8000K, reserved 1048576K
}
Event: 109.498 GC heap before
{Heap before GC invocations=38 (full 3):
 PSYoungGen      total 22528K, used 22496K [0x00000000d5580000, 0x00000000d7480000, 0x0000000100000000)
  eden space 22016K, 100% used [0x00000000d5580000,0x00000000d6b00000,0x00000000d6b00000)
  from space 512K, 93% used [0x00000000d7400000,0x00000000d7478030,0x00000000d7480000)
  to   space 3584K, 0% used [0x00000000d6d80000,0x00000000d6d80000,0x00000000d7100000)
 ParOldGen       total 68608K, used 44812K [0x0000000080000000, 0x0000000084300000, 0x00000000d5580000)
  object space 68608K, 65% used [0x0000000080000000,0x0000000082bc32b0,0x0000000084300000)
 Metaspace       used 62702K, committed 64128K, reserved 1114112K
  class space    used 7409K, committed 8064K, reserved 1048576K
}
Event: 109.509 GC heap after
{Heap after GC invocations=38 (full 3):
 PSYoungGen      total 25600K, used 2609K [0x00000000d5580000, 0x00000000d7480000, 0x0000000100000000)
  eden space 22016K, 0% used [0x00000000d5580000,0x00000000d5580000,0x00000000d6b00000)
  from space 3584K, 72% used [0x00000000d6d80000,0x00000000d700c420,0x00000000d7100000)
  to   space 3072K, 0% used [0x00000000d7180000,0x00000000d7180000,0x00000000d7480000)
 ParOldGen       total 68608K, used 45236K [0x0000000080000000, 0x0000000084300000, 0x00000000d5580000)
  object space 68608K, 65% used [0x0000000080000000,0x0000000082c2d2d0,0x0000000084300000)
 Metaspace       used 62702K, committed 64128K, reserved 1114112K
  class space    used 7409K, committed 8064K, reserved 1048576K
}
Event: 110.017 GC heap before
{Heap before GC invocations=39 (full 3):
 PSYoungGen      total 25600K, used 24625K [0x00000000d5580000, 0x00000000d7480000, 0x0000000100000000)
  eden space 22016K, 100% used [0x00000000d5580000,0x00000000d6b00000,0x00000000d6b00000)
  from space 3584K, 72% used [0x00000000d6d80000,0x00000000d700c420,0x00000000d7100000)
  to   space 3072K, 0% used [0x00000000d7180000,0x00000000d7180000,0x00000000d7480000)
 ParOldGen       total 68608K, used 45236K [0x0000000080000000, 0x0000000084300000, 0x00000000d5580000)
  object space 68608K, 65% used [0x0000000080000000,0x0000000082c2d2d0,0x0000000084300000)
 Metaspace       used 62714K, committed 64192K, reserved 1114112K
  class space    used 7409K, committed 8064K, reserved 1048576K
}
Event: 110.028 GC heap after
{Heap after GC invocations=39 (full 3):
 PSYoungGen      total 24576K, used 2498K [0x00000000d5580000, 0x00000000d7400000, 0x0000000100000000)
  eden space 22016K, 0% used [0x00000000d5580000,0x00000000d5580000,0x00000000d6b00000)
  from space 2560K, 97% used [0x00000000d7180000,0x00000000d73f0800,0x00000000d7400000)
  to   space 2560K, 0% used [0x00000000d6f00000,0x00000000d6f00000,0x00000000d7180000)
 ParOldGen       total 68608K, used 47663K [0x0000000080000000, 0x0000000084300000, 0x00000000d5580000)
  object space 68608K, 69% used [0x0000000080000000,0x0000000082e8bfc0,0x0000000084300000)
 Metaspace       used 62714K, committed 64192K, reserved 1114112K
  class space    used 7409K, committed 8064K, reserved 1048576K
}
Event: 110.250 GC heap before
{Heap before GC invocations=40 (full 3):
 PSYoungGen      total 24576K, used 24514K [0x00000000d5580000, 0x00000000d7400000, 0x0000000100000000)
  eden space 22016K, 100% used [0x00000000d5580000,0x00000000d6b00000,0x00000000d6b00000)
  from space 2560K, 97% used [0x00000000d7180000,0x00000000d73f0800,0x00000000d7400000)
  to   space 2560K, 0% used [0x00000000d6f00000,0x00000000d6f00000,0x00000000d7180000)
 ParOldGen       total 68608K, used 47663K [0x0000000080000000, 0x0000000084300000, 0x00000000d5580000)
  object space 68608K, 69% used [0x0000000080000000,0x0000000082e8bfc0,0x0000000084300000)
 Metaspace       used 62718K, committed 64192K, reserved 1114112K
  class space    used 7410K, committed 8064K, reserved 1048576K
}
Event: 110.261 GC heap after
{Heap after GC invocations=40 (full 3):
 PSYoungGen      total 24576K, used 2532K [0x00000000d5580000, 0x00000000d7200000, 0x0000000100000000)
  eden space 22016K, 0% used [0x00000000d5580000,0x00000000d5580000,0x00000000d6b00000)
  from space 2560K, 98% used [0x00000000d6f00000,0x00000000d7179000,0x00000000d7180000)
  to   space 512K, 0% used [0x00000000d7180000,0x00000000d7180000,0x00000000d7200000)
 ParOldGen       total 68608K, used 49894K [0x0000000080000000, 0x0000000084300000, 0x00000000d5580000)
  object space 68608K, 72% used [0x0000000080000000,0x00000000830b9970,0x0000000084300000)
 Metaspace       used 62718K, committed 64192K, reserved 1114112K
  class space    used 7410K, committed 8064K, reserved 1048576K
}
Event: 110.819 GC heap before
{Heap before GC invocations=41 (full 3):
 PSYoungGen      total 24576K, used 24548K [0x00000000d5580000, 0x00000000d7200000, 0x0000000100000000)
  eden space 22016K, 100% used [0x00000000d5580000,0x00000000d6b00000,0x00000000d6b00000)
  from space 2560K, 98% used [0x00000000d6f00000,0x00000000d7179000,0x00000000d7180000)
  to   space 512K, 0% used [0x00000000d7180000,0x00000000d7180000,0x00000000d7200000)
 ParOldGen       total 68608K, used 49894K [0x0000000080000000, 0x0000000084300000, 0x00000000d5580000)
  object space 68608K, 72% used [0x0000000080000000,0x00000000830b9970,0x0000000084300000)
 Metaspace       used 62751K, committed 64192K, reserved 1114112K
  class space    used 7410K, committed 8064K, reserved 1048576K
}
Event: 110.833 GC heap after
{Heap after GC invocations=41 (full 3):
 PSYoungGen      total 22528K, used 512K [0x00000000d5580000, 0x00000000d7600000, 0x0000000100000000)
  eden space 22016K, 0% used [0x00000000d5580000,0x00000000d5580000,0x00000000d6b00000)
  from space 512K, 100% used [0x00000000d7180000,0x00000000d7200000,0x00000000d7200000)
  to   space 5632K, 0% used [0x00000000d6b00000,0x00000000d6b00000,0x00000000d7080000)
 ParOldGen       total 68608K, used 54168K [0x0000000080000000, 0x0000000084300000, 0x00000000d5580000)
  object space 68608K, 78% used [0x0000000080000000,0x00000000834e60a8,0x0000000084300000)
 Metaspace       used 62751K, committed 64192K, reserved 1114112K
  class space    used 7410K, committed 8064K, reserved 1048576K
}
Event: 111.799 GC heap before
{Heap before GC invocations=42 (full 3):
 PSYoungGen      total 22528K, used 22528K [0x00000000d5580000, 0x00000000d7600000, 0x0000000100000000)
  eden space 22016K, 100% used [0x00000000d5580000,0x00000000d6b00000,0x00000000d6b00000)
  from space 512K, 100% used [0x00000000d7180000,0x00000000d7200000,0x00000000d7200000)
  to   space 5632K, 0% used [0x00000000d6b00000,0x00000000d6b00000,0x00000000d7080000)
 ParOldGen       total 68608K, used 54168K [0x0000000080000000, 0x0000000084300000, 0x00000000d5580000)
  object space 68608K, 78% used [0x0000000080000000,0x00000000834e60a8,0x0000000084300000)
 Metaspace       used 64122K, committed 65600K, reserved 1114112K
  class space    used 7589K, committed 8256K, reserved 1048576K
}
Event: 111.804 GC heap after
{Heap after GC invocations=42 (full 3):
 PSYoungGen      total 23552K, used 1344K [0x00000000d5580000, 0x00000000d7200000, 0x0000000100000000)
  eden space 22016K, 0% used [0x00000000d5580000,0x00000000d5580000,0x00000000d6b00000)
  from space 1536K, 87% used [0x00000000d6b00000,0x00000000d6c50020,0x00000000d6c80000)
  to   space 3072K, 0% used [0x00000000d6f00000,0x00000000d6f00000,0x00000000d7200000)
 ParOldGen       total 68608K, used 54696K [0x0000000080000000, 0x0000000084300000, 0x00000000d5580000)
  object space 68608K, 79% used [0x0000000080000000,0x000000008356a0a8,0x0000000084300000)
 Metaspace       used 64122K, committed 65600K, reserved 1114112K
  class space    used 7589K, committed 8256K, reserved 1048576K
}
Event: 243.247 GC heap before
{Heap before GC invocations=43 (full 3):
 PSYoungGen      total 23552K, used 23360K [0x00000000d5580000, 0x00000000d7200000, 0x0000000100000000)
  eden space 22016K, 100% used [0x00000000d5580000,0x00000000d6b00000,0x00000000d6b00000)
  from space 1536K, 87% used [0x00000000d6b00000,0x00000000d6c50020,0x00000000d6c80000)
  to   space 3072K, 0% used [0x00000000d6f00000,0x00000000d6f00000,0x00000000d7200000)
 ParOldGen       total 68608K, used 54696K [0x0000000080000000, 0x0000000084300000, 0x00000000d5580000)
  object space 68608K, 79% used [0x0000000080000000,0x000000008356a0a8,0x0000000084300000)
 Metaspace       used 66098K, committed 67648K, reserved 1114112K
  class space    used 7878K, committed 8576K, reserved 1048576K
}
Event: 243.260 GC heap after
{Heap after GC invocations=43 (full 3):
 PSYoungGen      total 23040K, used 608K [0x00000000d5580000, 0x00000000d7000000, 0x0000000100000000)
  eden space 22016K, 0% used [0x00000000d5580000,0x00000000d5580000,0x00000000d6b00000)
  from space 1024K, 59% used [0x00000000d6f00000,0x00000000d6f98010,0x00000000d7000000)
  to   space 1536K, 0% used [0x00000000d6d00000,0x00000000d6d00000,0x00000000d6e80000)
 ParOldGen       total 68608K, used 55943K [0x0000000080000000, 0x0000000084300000, 0x00000000d5580000)
  object space 68608K, 81% used [0x0000000080000000,0x00000000836a1d40,0x0000000084300000)
 Metaspace       used 66098K, committed 67648K, reserved 1114112K
  class space    used 7878K, committed 8576K, reserved 1048576K
}

